<?xml version="1.0" encoding="UTF-8"?>
<!-- Generated by org.testng.reporters.JUnitReportReporter -->
<testsuite skipped="0" hostname="DESKTOP-V44UDM9" name="com.second.scripts.Gmail" tests="1" failures="0" timestamp="04 Aug 2018 18:06:44 GMT" time="37.013" errors="0">
  <testcase name="username" time="37.013" classname="com.second.scripts.Gmail"/>
</testsuite> <!-- com.second.scripts.Gmail -->
